<?xml version="1.0" encoding="UTF-8"?>
<!-- Generated by org.testng.reporters.JUnitReportReporter -->
<testsuite skipped="0" hostname="Lenovo-PC" name="maven.com.scripts.MainTest" tests="1" failures="0" timestamp="03 Nov 2018 05:09:15 GMT" time="1.824" errors="0">
  <testcase name="Test" time="1.824" classname="maven.com.scripts.MainTest"/>
</testsuite> <!-- maven.com.scripts.MainTest -->
